ERROR 2020-08-13 12:33:54 PM – Pay GET. Exception: System.Exception: Error with GetServiceInfo method. ServiceID: 1705. ProvinceCode: BC. Exception : System.ServiceModel.CommunicationException: An error occurred while receiving the HTTP response to http://10.100.140.56:9167/eConnectService.svc/localhost. This could be due to the service endpoint binding not using the HTTP protocol. This could also be due to an HTTP request context being aborted by the server (possibly due to the service shutting down). See server logs for more details. ---> System.Net.Http.HttpRequestException: An error occurred while sending the request. ---> System.Net.Http.WinHttpException: The connection with the server was terminated abnormally
   at System.Threading.Tasks.RendezvousAwaitable`1.GetResult()
   at System.Net.Http.WinHttpHandler.StartRequest(WinHttpRequestState state)
   --- End of inner exception stack trace ---
   at System.ServiceModel.Channels.ServiceModelHttpMessageHandler.SendAsync(HttpRequestMessage request, CancellationToken cancellationToken)
   at System.Net.Http.HttpClient.FinishSendAsyncUnbuffered(Task`1 sendTask, HttpRequestMessage request, CancellationTokenSource cts, Boolean disposeCts)
   at System.ServiceModel.Channels.HttpChannelFactory`1.HttpClientRequestChannel.HttpClientChannelAsyncRequest.SendRequestAsync(Message message, TimeoutHelper timeoutHelper)
   --- End of inner exception stack trace ---
   at System.Runtime.AsyncResult.End[TAsyncResult](IAsyncResult result)
   at System.ServiceModel.Channels.ServiceChannel.SendAsyncResult.End(SendAsyncResult result)
   at System.ServiceModel.Channels.ServiceChannel.EndCall(String action, Object[] outs, IAsyncResult result)
   at System.ServiceModel.Channels.ServiceChannelProxy.TaskCreator.<>c__DisplayClass1_0.<CreateGenericTask>b__0(IAsyncResult asyncResult)
--- End of stack trace from previous location where exception was thrown ---
   at GS1CAORGRepository.GP.GPRepository.GetServiceInfo(Int32 ServiceID, String ProvinceCode) in C:\GS1 Projects\OneDrive - GS1 CANADA\GS1 Projects\GS1CAORG\GS1CAORGRepository\GP\GPRepository.cs:line 33
   at GS1CAORGRepository.GP.GPRepository.GetServiceInfo(Int32 ServiceID, String ProvinceCode) in C:\GS1 Projects\OneDrive - GS1 CANADA\GS1 Projects\GS1CAORG\GS1CAORGRepository\GP\GPRepository.cs:line 38
   at AdminFee.Controllers.CompanyNameChangeController.Pay() in C:\GS1 Projects\OneDrive - GS1 CANADA\GS1 Projects\GS1CAORG\AdminFee\Controllers\CompanyNameChangeController.cs:line 202
ERROR 2020-08-13 12:43:51 PM – Pay GET. Exception: System.Exception: Error with GetServiceInfo method. ServiceID: 1705. ProvinceCode: BC. Exception : System.ServiceModel.CommunicationException: An error occurred while receiving the HTTP response to http://10.100.140.56:9167/eConnectService.svc/localhost. This could be due to the service endpoint binding not using the HTTP protocol. This could also be due to an HTTP request context being aborted by the server (possibly due to the service shutting down). See server logs for more details. ---> System.Net.Http.HttpRequestException: An error occurred while sending the request. ---> System.Net.Http.WinHttpException: The connection with the server was terminated abnormally
   at System.Threading.Tasks.RendezvousAwaitable`1.GetResult()
   at System.Net.Http.WinHttpHandler.StartRequest(WinHttpRequestState state)
   --- End of inner exception stack trace ---
   at System.ServiceModel.Channels.ServiceModelHttpMessageHandler.SendAsync(HttpRequestMessage request, CancellationToken cancellationToken)
   at System.Net.Http.HttpClient.FinishSendAsyncUnbuffered(Task`1 sendTask, HttpRequestMessage request, CancellationTokenSource cts, Boolean disposeCts)
   at System.ServiceModel.Channels.HttpChannelFactory`1.HttpClientRequestChannel.HttpClientChannelAsyncRequest.SendRequestAsync(Message message, TimeoutHelper timeoutHelper)
   --- End of inner exception stack trace ---
   at System.Runtime.AsyncResult.End[TAsyncResult](IAsyncResult result)
   at System.ServiceModel.Channels.ServiceChannel.SendAsyncResult.End(SendAsyncResult result)
   at System.ServiceModel.Channels.ServiceChannel.EndCall(String action, Object[] outs, IAsyncResult result)
   at System.ServiceModel.Channels.ServiceChannelProxy.TaskCreator.<>c__DisplayClass1_0.<CreateGenericTask>b__0(IAsyncResult asyncResult)
--- End of stack trace from previous location where exception was thrown ---
   at GS1CAORGRepository.GP.GPRepository.GetServiceInfo(Int32 ServiceID, String ProvinceCode) in C:\GS1 Projects\OneDrive - GS1 CANADA\GS1 Projects\GS1CAORG\GS1CAORGRepository\GP\GPRepository.cs:line 33
   at GS1CAORGRepository.GP.GPRepository.GetServiceInfo(Int32 ServiceID, String ProvinceCode) in C:\GS1 Projects\OneDrive - GS1 CANADA\GS1 Projects\GS1CAORG\GS1CAORGRepository\GP\GPRepository.cs:line 38
   at AdminFee.Controllers.CompanyNameChangeController.Pay() in C:\GS1 Projects\OneDrive - GS1 CANADA\GS1 Projects\GS1CAORG\AdminFee\Controllers\CompanyNameChangeController.cs:line 202
ERROR 2020-08-13 01:30:31 PM – Pay GET. Exception: System.Exception: Error with GetServiceInfo method. ServiceID: 1705. ProvinceCode: QC. Exception : System.ServiceModel.CommunicationException: An error occurred while receiving the HTTP response to http://10.100.140.56:9167/eConnectService.svc/localhost. This could be due to the service endpoint binding not using the HTTP protocol. This could also be due to an HTTP request context being aborted by the server (possibly due to the service shutting down). See server logs for more details. ---> System.Net.Http.HttpRequestException: An error occurred while sending the request. ---> System.Net.Http.WinHttpException: The connection with the server was terminated abnormally
   at System.Threading.Tasks.RendezvousAwaitable`1.GetResult()
   at System.Net.Http.WinHttpHandler.StartRequest(WinHttpRequestState state)
   --- End of inner exception stack trace ---
   at System.ServiceModel.Channels.ServiceModelHttpMessageHandler.SendAsync(HttpRequestMessage request, CancellationToken cancellationToken)
   at System.Net.Http.HttpClient.FinishSendAsyncUnbuffered(Task`1 sendTask, HttpRequestMessage request, CancellationTokenSource cts, Boolean disposeCts)
   at System.ServiceModel.Channels.HttpChannelFactory`1.HttpClientRequestChannel.HttpClientChannelAsyncRequest.SendRequestAsync(Message message, TimeoutHelper timeoutHelper)
   --- End of inner exception stack trace ---
   at System.Runtime.AsyncResult.End[TAsyncResult](IAsyncResult result)
   at System.ServiceModel.Channels.ServiceChannel.SendAsyncResult.End(SendAsyncResult result)
   at System.ServiceModel.Channels.ServiceChannel.EndCall(String action, Object[] outs, IAsyncResult result)
   at System.ServiceModel.Channels.ServiceChannelProxy.TaskCreator.<>c__DisplayClass1_0.<CreateGenericTask>b__0(IAsyncResult asyncResult)
--- End of stack trace from previous location where exception was thrown ---
   at GS1CAORGRepository.GP.GPRepository.GetServiceInfo(Int32 ServiceID, String ProvinceCode) in C:\GS1 Projects\OneDrive - GS1 CANADA\GS1 Projects\GS1CAORG\GS1CAORGRepository\GP\GPRepository.cs:line 33
   at GS1CAORGRepository.GP.GPRepository.GetServiceInfo(Int32 ServiceID, String ProvinceCode) in C:\GS1 Projects\OneDrive - GS1 CANADA\GS1 Projects\GS1CAORG\GS1CAORGRepository\GP\GPRepository.cs:line 38
   at AdminFee.Controllers.CompanyNameChangeController.Pay() in C:\GS1 Projects\OneDrive - GS1 CANADA\GS1 Projects\GS1CAORG\AdminFee\Controllers\CompanyNameChangeController.cs:line 202
ERROR 2020-08-13 01:43:23 PM – Pay GET. Exception: System.Exception: Error with GetServiceInfo method. ServiceID: 1705. ProvinceCode: QC. Exception : System.ServiceModel.CommunicationException: An error occurred while receiving the HTTP response to http://10.100.140.56:9167/eConnectService.svc/localhost. This could be due to the service endpoint binding not using the HTTP protocol. This could also be due to an HTTP request context being aborted by the server (possibly due to the service shutting down). See server logs for more details. ---> System.Net.Http.HttpRequestException: An error occurred while sending the request. ---> System.Net.Http.WinHttpException: The connection with the server was terminated abnormally
   at System.Threading.Tasks.RendezvousAwaitable`1.GetResult()
   at System.Net.Http.WinHttpHandler.StartRequest(WinHttpRequestState state)
   --- End of inner exception stack trace ---
   at System.ServiceModel.Channels.ServiceModelHttpMessageHandler.SendAsync(HttpRequestMessage request, CancellationToken cancellationToken)
   at System.Net.Http.HttpClient.FinishSendAsyncUnbuffered(Task`1 sendTask, HttpRequestMessage request, CancellationTokenSource cts, Boolean disposeCts)
   at System.ServiceModel.Channels.HttpChannelFactory`1.HttpClientRequestChannel.HttpClientChannelAsyncRequest.SendRequestAsync(Message message, TimeoutHelper timeoutHelper)
   --- End of inner exception stack trace ---
   at System.Runtime.AsyncResult.End[TAsyncResult](IAsyncResult result)
   at System.ServiceModel.Channels.ServiceChannel.SendAsyncResult.End(SendAsyncResult result)
   at System.ServiceModel.Channels.ServiceChannel.EndCall(String action, Object[] outs, IAsyncResult result)
   at System.ServiceModel.Channels.ServiceChannelProxy.TaskCreator.<>c__DisplayClass1_0.<CreateGenericTask>b__0(IAsyncResult asyncResult)
--- End of stack trace from previous location where exception was thrown ---
   at GS1CAORGRepository.GP.GPRepository.GetServiceInfo(Int32 ServiceID, String ProvinceCode) in C:\GS1 Projects\OneDrive - GS1 CANADA\GS1 Projects\GS1CAORG\GS1CAORGRepository\GP\GPRepository.cs:line 33
   at GS1CAORGRepository.GP.GPRepository.GetServiceInfo(Int32 ServiceID, String ProvinceCode) in C:\GS1 Projects\OneDrive - GS1 CANADA\GS1 Projects\GS1CAORG\GS1CAORGRepository\GP\GPRepository.cs:line 38
   at AdminFee.Controllers.CompanyNameChangeController.Pay() in C:\GS1 Projects\OneDrive - GS1 CANADA\GS1 Projects\GS1CAORG\AdminFee\Controllers\CompanyNameChangeController.cs:line 202
ERROR 2020-08-13 02:00:49 PM – Pay GET. Exception: System.Exception: Error with GetServiceInfo method. ServiceID: 1705. ProvinceCode: QC. Exception : System.ServiceModel.CommunicationException: An error occurred while receiving the HTTP response to http://10.100.140.56:9167/eConnectService.svc/localhost. This could be due to the service endpoint binding not using the HTTP protocol. This could also be due to an HTTP request context being aborted by the server (possibly due to the service shutting down). See server logs for more details. ---> System.Net.Http.HttpRequestException: An error occurred while sending the request. ---> System.Net.Http.WinHttpException: The connection with the server was terminated abnormally
   at System.Threading.Tasks.RendezvousAwaitable`1.GetResult()
   at System.Net.Http.WinHttpHandler.StartRequest(WinHttpRequestState state)
   --- End of inner exception stack trace ---
   at System.ServiceModel.Channels.ServiceModelHttpMessageHandler.SendAsync(HttpRequestMessage request, CancellationToken cancellationToken)
   at System.Net.Http.HttpClient.FinishSendAsyncUnbuffered(Task`1 sendTask, HttpRequestMessage request, CancellationTokenSource cts, Boolean disposeCts)
   at System.ServiceModel.Channels.HttpChannelFactory`1.HttpClientRequestChannel.HttpClientChannelAsyncRequest.SendRequestAsync(Message message, TimeoutHelper timeoutHelper)
   --- End of inner exception stack trace ---
   at System.Runtime.AsyncResult.End[TAsyncResult](IAsyncResult result)
   at System.ServiceModel.Channels.ServiceChannel.SendAsyncResult.End(SendAsyncResult result)
   at System.ServiceModel.Channels.ServiceChannel.EndCall(String action, Object[] outs, IAsyncResult result)
   at System.ServiceModel.Channels.ServiceChannelProxy.TaskCreator.<>c__DisplayClass1_0.<CreateGenericTask>b__0(IAsyncResult asyncResult)
--- End of stack trace from previous location where exception was thrown ---
   at GS1CAORGRepository.GP.GPRepository.GetServiceInfo(Int32 ServiceID, String ProvinceCode) in C:\GS1 Projects\OneDrive - GS1 CANADA\GS1 Projects\GS1CAORG\GS1CAORGRepository\GP\GPRepository.cs:line 33
   at GS1CAORGRepository.GP.GPRepository.GetServiceInfo(Int32 ServiceID, String ProvinceCode) in C:\GS1 Projects\OneDrive - GS1 CANADA\GS1 Projects\GS1CAORG\GS1CAORGRepository\GP\GPRepository.cs:line 38
   at AdminFee.Controllers.CompanyNameChangeController.Pay() in C:\GS1 Projects\OneDrive - GS1 CANADA\GS1 Projects\GS1CAORG\AdminFee\Controllers\CompanyNameChangeController.cs:line 202
ERROR 2020-08-13 07:07:17 PM – Get:Index: No record found for SID: 995878
ERROR 2020-08-13 07:20:45 PM – Pay GET. Exception: System.Exception: Error with GetServiceInfo method. ServiceID: 1705. ProvinceCode: ON. Exception : System.ServiceModel.CommunicationException: An error occurred while receiving the HTTP response to http://10.100.140.56:9167/eConnectService.svc/localhost. This could be due to the service endpoint binding not using the HTTP protocol. This could also be due to an HTTP request context being aborted by the server (possibly due to the service shutting down). See server logs for more details. ---> System.Net.Http.HttpRequestException: An error occurred while sending the request. ---> System.Net.Http.WinHttpException: The connection with the server was terminated abnormally
   at System.Threading.Tasks.RendezvousAwaitable`1.GetResult()
   at System.Net.Http.WinHttpHandler.StartRequest(WinHttpRequestState state)
   --- End of inner exception stack trace ---
   at System.ServiceModel.Channels.ServiceModelHttpMessageHandler.SendAsync(HttpRequestMessage request, CancellationToken cancellationToken)
   at System.Net.Http.HttpClient.FinishSendAsyncUnbuffered(Task`1 sendTask, HttpRequestMessage request, CancellationTokenSource cts, Boolean disposeCts)
   at System.ServiceModel.Channels.HttpChannelFactory`1.HttpClientRequestChannel.HttpClientChannelAsyncRequest.SendRequestAsync(Message message, TimeoutHelper timeoutHelper)
   --- End of inner exception stack trace ---
   at System.Runtime.AsyncResult.End[TAsyncResult](IAsyncResult result)
   at System.ServiceModel.Channels.ServiceChannel.SendAsyncResult.End(SendAsyncResult result)
   at System.ServiceModel.Channels.ServiceChannel.EndCall(String action, Object[] outs, IAsyncResult result)
   at System.ServiceModel.Channels.ServiceChannelProxy.TaskCreator.<>c__DisplayClass1_0.<CreateGenericTask>b__0(IAsyncResult asyncResult)
--- End of stack trace from previous location where exception was thrown ---
   at GS1CAORGRepository.GP.GPRepository.GetServiceInfo(Int32 ServiceID, String ProvinceCode) in C:\GS1 Projects\OneDrive - GS1 CANADA\GS1 Projects\GS1CAORG\GS1CAORGRepository\GP\GPRepository.cs:line 33
   at GS1CAORGRepository.GP.GPRepository.GetServiceInfo(Int32 ServiceID, String ProvinceCode) in C:\GS1 Projects\OneDrive - GS1 CANADA\GS1 Projects\GS1CAORG\GS1CAORGRepository\GP\GPRepository.cs:line 38
   at AdminFee.Controllers.CompanyNameChangeController.Pay() in C:\GS1 Projects\OneDrive - GS1 CANADA\GS1 Projects\GS1CAORG\AdminFee\Controllers\CompanyNameChangeController.cs:line 202
